<?xml version="1.0" encoding="UTF-8"?>
<robot generator="Robot 6.0.2 (Python 3.11.3 on win32)" generated="20230527 21:27:06.332" rpa="false" schemaversion="3">
<suite id="s1" name="Login" source="E:\Documents\Projects\Automation_test\robot\step\login.robot">
<kw name="Open Browser" library="SeleniumLibrary" type="SETUP">
<arg>${LOGIN URL}</arg>
<arg>${BROWSER}</arg>
<doc>Opens a new browser instance to the optional ``url``.</doc>
<msg timestamp="20230527 21:27:07.897" level="INFO">Opening browser 'chrome' to base url 'https://www.saucedemo.com/'.</msg>
<status status="PASS" starttime="20230527 21:27:07.896" endtime="20230527 21:27:14.617"/>
</kw>
<test id="s1-t1" name="User login with valid data" line="29">
<kw name="Input username">
<kw name="Input Text" library="SeleniumLibrary">
<arg>${txtUsername}</arg>
<arg>standard_user</arg>
<doc>Types the given ``text`` into the text field identified by ``locator``.</doc>
<msg timestamp="20230527 21:27:14.626" level="INFO">Typing text 'standard_user' into text field 'user-name'.</msg>
<status status="PASS" starttime="20230527 21:27:14.624" endtime="20230527 21:27:14.988"/>
</kw>
<status status="PASS" starttime="20230527 21:27:14.623" endtime="20230527 21:27:14.988"/>
</kw>
<kw name="Input password">
<kw name="Input Text" library="SeleniumLibrary">
<arg>${txtPassword}</arg>
<arg>secret_sauce</arg>
<doc>Types the given ``text`` into the text field identified by ``locator``.</doc>
<msg timestamp="20230527 21:27:14.991" level="INFO">Typing text 'secret_sauce' into text field 'password'.</msg>
<status status="PASS" starttime="20230527 21:27:14.990" endtime="20230527 21:27:15.273"/>
</kw>
<status status="PASS" starttime="20230527 21:27:14.989" endtime="20230527 21:27:15.274"/>
</kw>
<kw name="Click button login">
<kw name="Click Element" library="SeleniumLibrary">
<arg>${btnLogin}</arg>
<doc>Click the element identified by ``locator``.</doc>
<msg timestamp="20230527 21:27:15.276" level="INFO">Clicking element 'login-button'.</msg>
<status status="PASS" starttime="20230527 21:27:15.275" endtime="20230527 21:27:15.598"/>
</kw>
<kw name="Sleep" library="BuiltIn">
<arg>1s</arg>
<doc>Pauses the test executed for the given time.</doc>
<msg timestamp="20230527 21:27:16.599" level="INFO">Slept 1 second</msg>
<status status="PASS" starttime="20230527 21:27:15.599" endtime="20230527 21:27:16.599"/>
</kw>
<status status="PASS" starttime="20230527 21:27:15.274" endtime="20230527 21:27:16.599"/>
</kw>
<kw name="Verify on login page">
<kw name="Page Should Contain" library="SeleniumLibrary">
<arg>Products</arg>
<doc>Verifies that current page contains ``text``.</doc>
<msg timestamp="20230527 21:27:16.657" level="INFO">Current page contains text 'Products'.</msg>
<status status="PASS" starttime="20230527 21:27:16.602" endtime="20230527 21:27:16.657"/>
</kw>
<status status="PASS" starttime="20230527 21:27:16.601" endtime="20230527 21:27:16.658"/>
</kw>
<status status="PASS" starttime="20230527 21:27:14.617" endtime="20230527 21:27:16.659"/>
</test>
<kw name="Close Browser" library="SeleniumLibrary" type="TEARDOWN">
<doc>Closes the current browser.</doc>
<status status="PASS" starttime="20230527 21:27:16.662" endtime="20230527 21:27:19.171"/>
</kw>
<status status="PASS" starttime="20230527 21:27:06.337" endtime="20230527 21:27:19.171"/>
</suite>
<statistics>
<total>
<stat pass="1" fail="0" skip="0">All Tests</stat>
</total>
<tag>
</tag>
<suite>
<stat pass="1" fail="0" skip="0" id="s1" name="Login">Login</stat>
</suite>
</statistics>
<errors>
</errors>
</robot>
